app/build/intermediates/manifest_merge_blame_file/debug/manifest-merger-blame-debug-report.txt
1<?xml version="1.0" encoding="utf-8"?>
2<manifest xmlns:android="http://schemas.android.com/apk/res/android"
3    package="com.example.jakfood"
4    android:versionCode="1"
5    android:versionName="1.0" >
6
7    <uses-sdk
8        android:minSdkVersion="19"
8-->src/main/AndroidManifest.xml
9        android:targetSdkVersion="29" />
9-->src/main/AndroidManifest.xml
10
11    <uses-permission android:name="android.permission.READ_EXTERNAL_STORAGE" />
11-->src/main/AndroidManifest.xml:5:5-79
11-->src/main/AndroidManifest.xml:5:22-77
12    <uses-permission android:name="android.permission.FOREGROUND_SERVICE" />
12-->src/main/AndroidManifest.xml:6:5-76
12-->src/main/AndroidManifest.xml:6:22-74
13    <uses-permission android:name="android.permission.INTERNET" />
13-->[net.gotev:uploadservice:2.1] AndroidManifest.xml:11:5-67
13-->[net.gotev:uploadservice:2.1] AndroidManifest.xml:11:22-64
14    <uses-permission android:name="android.permission.WRITE_EXTERNAL_STORAGE" />
14-->[net.gotev:uploadservice:2.1] AndroidManifest.xml:12:5-81
14-->[net.gotev:uploadservice:2.1] AndroidManifest.xml:12:22-78
15    <uses-permission android:name="android.permission.WAKE_LOCK" />
15-->[net.gotev:uploadservice:2.1] AndroidManifest.xml:13:5-68
15-->[net.gotev:uploadservice:2.1] AndroidManifest.xml:13:22-65
16
17    <application
17-->src/main/AndroidManifest.xml:8:5-32:19
18        android:allowBackup="true"
18-->src/main/AndroidManifest.xml:9:9-35
19        android:appComponentFactory="androidx.core.app.CoreComponentFactory"
19-->[androidx.core:core:1.1.0] AndroidManifest.xml:24:18-86
20        android:debuggable="true"
21        android:icon="@mipmap/ic_launcher"
21-->src/main/AndroidManifest.xml:10:9-43
22        android:label="@string/app_name"
22-->src/main/AndroidManifest.xml:11:9-41
23        android:roundIcon="@mipmap/ic_launcher_round"
23-->src/main/AndroidManifest.xml:12:9-54
24        android:supportsRtl="true"
24-->src/main/AndroidManifest.xml:13:9-35
25        android:theme="@style/AppTheme"
25-->src/main/AndroidManifest.xml:15:9-40
26        android:usesCleartextTraffic="true" >
26-->src/main/AndroidManifest.xml:14:9-44
27        <activity
27-->src/main/AndroidManifest.xml:16:9-24:20
28            android:name="com.example.jakfood.activity.SplashScreen"
28-->src/main/AndroidManifest.xml:16:19-56
29            android:theme="@style/AppTheme.NoActionBar" >
29-->src/main/AndroidManifest.xml:17:13-56
30            <intent-filter>
30-->src/main/AndroidManifest.xml:18:13-22:29
31                <action android:name="android.intent.action.MAIN" />
31-->src/main/AndroidManifest.xml:19:17-69
31-->src/main/AndroidManifest.xml:19:25-66
32
33                <category android:name="android.intent.category.LAUNCHER" />
33-->src/main/AndroidManifest.xml:21:17-77
33-->src/main/AndroidManifest.xml:21:27-74
34            </intent-filter>
35        </activity>
36        <activity android:name="com.example.jakfood.activity.Register" />
36-->src/main/AndroidManifest.xml:25:9-55
36-->src/main/AndroidManifest.xml:25:19-52
37        <activity android:name="com.example.jakfood.activity.Login" />
37-->src/main/AndroidManifest.xml:26:9-52
37-->src/main/AndroidManifest.xml:26:19-49
38        <activity
38-->src/main/AndroidManifest.xml:27:9-31:20
39            android:name="com.example.jakfood.MainActivity"
39-->src/main/AndroidManifest.xml:28:13-41
40            android:label="@string/app_name" >
40-->src/main/AndroidManifest.xml:29:13-45
41        </activity>
42
43        <service
43-->[net.gotev:uploadservice:2.1] AndroidManifest.xml:16:9-20:19
44            android:name="net.gotev.uploadservice.UploadService"
44-->[net.gotev:uploadservice:2.1] AndroidManifest.xml:17:13-65
45            android:enabled="true"
45-->[net.gotev:uploadservice:2.1] AndroidManifest.xml:18:13-35
46            android:exported="true" >
46-->[net.gotev:uploadservice:2.1] AndroidManifest.xml:19:13-36
47        </service>
48
49        <provider
49-->[com.squareup.picasso:picasso:2.71828] AndroidManifest.xml:8:9-11:40
50            android:name="com.squareup.picasso.PicassoProvider"
50-->[com.squareup.picasso:picasso:2.71828] AndroidManifest.xml:9:13-64
51            android:authorities="com.example.jakfood.com.squareup.picasso"
51-->[com.squareup.picasso:picasso:2.71828] AndroidManifest.xml:10:13-72
52            android:exported="false" />
52-->[com.squareup.picasso:picasso:2.71828] AndroidManifest.xml:11:13-37
53    </application>
54
55</manifest>